NC_003317.1 199 T G T
NC_003317.1 2305 T C T
NC_003317.1 9320 T C T
NC_003317.1 31406 T C T
NC_003317.1 36279 A G A
NC_003317.1 39040 C G C
NC_003317.1 41510 G C G
NC_003317.1 68156 C G C
NC_003317.1 75421 A G A
NC_003317.1 77123 T C T
NC_003317.1 90598 G A G
NC_003317.1 97002 G A G
NC_003317.1 114905 A G A
NC_003317.1 119529 G A G
NC_003317.1 120975 G C G
NC_003317.1 122287 A G A
NC_003317.1 128210 T C T
NC_003317.1 137800 C G C
NC_003317.1 142732 A G A
NC_003317.1 151770 T C T
NC_003317.1 167760 A G A
NC_003317.1 175953 T C T
NC_003317.1 175963 A G A
NC_003317.1 179882 A G A
NC_003317.1 183140 T C T
NC_003317.1 195192 A G A
NC_003317.1 208501 A G A
NC_003317.1 226921 G A G
NC_003317.1 229117 T C T
NC_003317.1 229693 T C T
NC_003317.1 230414 T C T
NC_003317.1 230695 A G A
NC_003317.1 233744 A C A
NC_003317.1 235676 T C T
NC_003317.1 246000 G A G
NC_003317.1 249531 A C A
NC_003317.1 261784 T C T
NC_003317.1 266872 T C T
NC_003317.1 281473 C G C
NC_003317.1 291268 G A G
NC_003317.1 293635 T C T
NC_003317.1 294287 T C T
NC_003317.1 295407 G C G
NC_003317.1 296090 A G A
NC_003317.1 301659 A C A
NC_003317.1 302800 T C T
NC_003317.1 318054 C G C
NC_003317.1 320771 A C A
NC_003317.1 320931 A G A
NC_003317.1 321567 T C T
NC_003317.1 324300 A C A
NC_003317.1 324716 C G C
NC_003317.1 326091 T C T
NC_003317.1 332617 T C T
NC_003317.1 334097 C T C
NC_003317.1 334558 T C T
NC_003317.1 337019 A G A
NC_003317.1 340598 G A G
NC_003317.1 343230 T C T
NC_003317.1 345868 T G T
NC_003317.1 351461 A G A
NC_003317.1 352209 C A C
NC_003317.1 354010 A G A
NC_003317.1 355198 G A G
NC_003317.1 356149 A G A
NC_003317.1 359677 A C A
NC_003317.1 368554 A C A
NC_003317.1 378053 C T C
NC_003317.1 380932 G A G
NC_003317.1 386169 G T G
NC_003317.1 386556 T C T
NC_003317.1 421768 T C T
NC_003317.1 425818 T C T
NC_003317.1 427138 A C A
NC_003317.1 448484 A G A
NC_003317.1 450935 A G A
NC_003317.1 456861 A G A
NC_003317.1 461193 T C T
NC_003317.1 464326 C G C
NC_003317.1 468789 A G A
NC_003317.1 470315 A G A
NC_003317.1 471934 C G C
NC_003317.1 475781 A G A
NC_003317.1 477397 T C T
NC_003317.1 481778 A G A
NC_003317.1 485523 G A G
NC_003317.1 496857 T C T
NC_003317.1 499639 C T C
NC_003317.1 500469 T C T
NC_003317.1 504694 G A G
NC_003317.1 511485 A C A
NC_003317.1 511626 G A G
NC_003317.1 513638 T C T
NC_003317.1 513645 C T C
NC_003317.1 515551 A G A
NC_003317.1 516014 A G A
NC_003317.1 517306 A G A
NC_003317.1 529617 T C T
NC_003317.1 529791 A G A
NC_003317.1 531736 T C T
NC_003317.1 536134 T C T
NC_003317.1 537096 G C G
NC_003317.1 541890 A G A
NC_003317.1 548176 A G A
NC_003317.1 549977 G T G
NC_003317.1 550377 C A C
NC_003317.1 550874 T C T
NC_003317.1 551487 G A G
NC_003317.1 553763 T C T
NC_003317.1 557123 A C A
NC_003317.1 562323 A C A
NC_003317.1 566654 G A G
NC_003317.1 569442 A C A
NC_003317.1 577379 G A G
NC_003317.1 578468 T C T
NC_003317.1 582232 A G A
NC_003317.1 590292 G T G
NC_003317.1 591563 G A G
NC_003317.1 593640 T C T
NC_003317.1 595805 A C A
NC_003317.1 601486 A G A
NC_003317.1 604505 A G A
NC_003317.1 607209 C G C
NC_003317.1 608321 A G A
NC_003317.1 609061 T C T
NC_003317.1 611703 T G T
NC_003317.1 613073 T C T
NC_003317.1 613147 G C G
NC_003317.1 616176 A G A
NC_003317.1 619739 C T C
NC_003317.1 622387 T C T
NC_003317.1 628889 T C T
NC_003317.1 633668 T G T
NC_003317.1 637162 A G A
NC_003317.1 639921 A C A
NC_003317.1 640218 T C T
NC_003317.1 640819 C T C
NC_003317.1 641057 T C T
NC_003317.1 642330 A G A
NC_003317.1 643504 G A G
NC_003317.1 645974 A G A
NC_003317.1 651445 A C A
NC_003317.1 654585 T C T
NC_003317.1 659947 A G A
NC_003317.1 669009 G C G
NC_003317.1 669436 C T C
NC_003317.1 674854 G C G
NC_003317.1 677665 T C T
NC_003317.1 679387 A G A
NC_003317.1 680892 A C A
NC_003317.1 684447 A G A
NC_003317.1 684853 A G A
NC_003317.1 691700 A G A
NC_003317.1 693907 C T C
NC_003317.1 694249 G C G
NC_003317.1 694994 T G T
NC_003317.1 696948 A C A
NC_003317.1 698903 T C T
NC_003317.1 704811 T C T
NC_003317.1 704911 C G C
NC_003317.1 705842 A C A
NC_003317.1 709997 C G C
NC_003317.1 711355 T C T
NC_003317.1 712395 T C T
NC_003317.1 716512 A G A
NC_003317.1 718705 T C T
NC_003317.1 721799 T C T
NC_003317.1 726052 C G C
NC_003317.1 727372 G A G
NC_003317.1 727702 T C T
NC_003317.1 730959 T C T
NC_003317.1 732135 G A G
NC_003317.1 732458 T C T
NC_003317.1 732844 T C T
NC_003317.1 733323 T C T
NC_003317.1 733905 A G A
NC_003317.1 733910 T C T
NC_003317.1 739421 A G A
NC_003317.1 739543 T C T
NC_003317.1 743159 G C G
NC_003317.1 745538 A C A
NC_003317.1 758776 T C T
NC_003317.1 759916 A G A
NC_003317.1 760258 C T C
NC_003317.1 772816 T C T
NC_003317.1 776476 C T C
NC_003317.1 780074 G C G
NC_003317.1 780432 G A G
NC_003317.1 788068 A G A
NC_003317.1 789127 T C T
NC_003317.1 789339 A G A
NC_003317.1 790820 G A G
NC_003317.1 794019 G C G
NC_003317.1 795201 T C T
NC_003317.1 800112 T C T
NC_003317.1 800525 A G A
NC_003317.1 800683 T C T
NC_003317.1 808182 T A T
NC_003317.1 810128 T C T
NC_003317.1 810416 A C A
NC_003317.1 812607 G C G
NC_003317.1 818449 A G A
NC_003317.1 819802 C T C
NC_003317.1 820859 G A G
NC_003317.1 822505 A G A
NC_003317.1 827039 A G A
NC_003317.1 830809 T C T
NC_003317.1 831099 G C G
NC_003317.1 831867 T G T
NC_003317.1 834426 A G A
NC_003317.1 835013 C T C
NC_003317.1 835975 A G A
NC_003317.1 837222 T C T
NC_003317.1 838647 T A T
NC_003317.1 844860 T C T
NC_003317.1 845808 T C T
NC_003317.1 845831 G A G
NC_003317.1 845850 A G A
NC_003317.1 850837 A T A
NC_003317.1 854588 G A G
NC_003317.1 855377 A T A
NC_003317.1 856712 G A G
NC_003317.1 864340 A G A
NC_003317.1 871372 T C T
NC_003317.1 873099 T C T
NC_003317.1 888355 T C T
NC_003317.1 890179 A G A
NC_003317.1 890512 G A G
NC_003317.1 890808 A G A
NC_003317.1 894124 T G T
NC_003317.1 899805 C T C
NC_003317.1 900796 T C T
NC_003317.1 901060 G A G
NC_003317.1 902174 T C T
NC_003317.1 902739 T C T
NC_003317.1 904088 T C T
NC_003317.1 905054 T C T
NC_003317.1 908272 T C T
NC_003317.1 909913 T C T
NC_003317.1 916411 T C T
NC_003317.1 929653 A G A
NC_003317.1 930850 A C A
NC_003317.1 1009212 C A C
NC_003317.1 1011766 T A T
NC_003317.1 1012049 A C A
NC_003317.1 1015884 T C T
NC_003317.1 1017573 T C T
NC_003317.1 1026574 C G C
NC_003317.1 1027225 G C G
NC_003317.1 1029745 A G A
NC_003317.1 1033240 A G A
NC_003317.1 1034434 C T C
NC_003317.1 1052895 A G A
NC_003317.1 1053688 A G A
NC_003317.1 1056799 A G A
NC_003317.1 1058923 T C T
NC_003317.1 1059768 T C T
NC_003317.1 1060824 T G T
NC_003317.1 1065587 T C T
NC_003317.1 1066091 T C T
NC_003317.1 1066518 A G A
NC_003317.1 1067507 A G A
NC_003317.1 1070627 G A G
NC_003317.1 1074241 T C T
NC_003317.1 1080815 A G A
NC_003317.1 1080874 T C T
NC_003317.1 1083703 G C G
NC_003317.1 1085137 A G A
NC_003317.1 1085241 A G A
NC_003317.1 1088045 C T C
NC_003317.1 1090142 C A C
NC_003317.1 1097280 A G A
NC_003317.1 1098539 C G C
NC_003317.1 1099967 T C T
NC_003317.1 1103338 A G A
NC_003317.1 1106381 G A G
NC_003317.1 1108395 C T C
NC_003317.1 1108659 T C T
NC_003317.1 1109537 A G A
NC_003317.1 1113088 G A G
NC_003317.1 1116276 G A G
NC_003317.1 1118315 G A G
NC_003317.1 1122736 T C T
NC_003317.1 1129636 A G A
NC_003317.1 1132934 T C T
NC_003317.1 1133374 C T C
NC_003317.1 1134255 A G A
NC_003317.1 1135170 C T C
NC_003317.1 1135405 G C G
NC_003317.1 1142691 G A G
NC_003317.1 1143059 A G A
NC_003317.1 1145037 C A C
NC_003317.1 1146885 T C T
NC_003317.1 1148198 G C G
NC_003317.1 1151489 C T C
NC_003317.1 1151523 C T C
NC_003317.1 1152420 A G A
NC_003317.1 1154376 C A C
NC_003317.1 1157009 A G A
NC_003317.1 1160228 G C G
NC_003317.1 1161098 A G A
NC_003317.1 1162806 T C T
NC_003317.1 1164682 T C T
NC_003317.1 1164920 T C T
NC_003317.1 1165467 G A G
NC_003317.1 1168153 G A G
NC_003317.1 1168209 A C A
NC_003317.1 1181148 A C A
NC_003317.1 1183047 G A G
NC_003317.1 1186536 G A G
NC_003317.1 1191037 G A G
NC_003317.1 1191766 T C T
NC_003317.1 1219245 G A G
NC_003317.1 1224028 A G A
NC_003317.1 1225685 G A G
NC_003317.1 1226579 G A G
NC_003317.1 1230771 C T C
NC_003317.1 1230984 T C T
NC_003317.1 1231833 T C T
NC_003317.1 1233976 C T C
NC_003317.1 1237294 A G A
NC_003317.1 1238203 C T C
NC_003317.1 1239286 A G A
NC_003317.1 1240208 A G A
NC_003317.1 1257167 A G A
NC_003317.1 1258350 A G A
NC_003317.1 1260871 A G A
NC_003317.1 1262683 A G A
NC_003317.1 1286428 C T C
NC_003317.1 1289012 G A G
NC_003317.1 1292378 T C T
NC_003317.1 1292781 G T G
NC_003317.1 1295661 T C T
NC_003317.1 1298127 A G A
NC_003317.1 1298379 A G A
NC_003317.1 1298936 T C T
NC_003317.1 1302041 A G A
NC_003317.1 1310618 A G A
NC_003317.1 1310672 T C T
NC_003317.1 1312586 A G A
NC_003317.1 1313318 G T G
NC_003317.1 1319792 C T C
NC_003317.1 1321988 T G T
NC_003317.1 1324835 T C T
NC_003317.1 1325000 C G C
NC_003317.1 1327251 C T C
NC_003317.1 1327324 T C T
NC_003317.1 1330821 A G A
NC_003317.1 1333453 T C T
NC_003317.1 1336027 A G A
NC_003317.1 1337167 A G A
NC_003317.1 1337721 C G C
NC_003317.1 1338361 A G A
NC_003317.1 1340835 G A G
NC_003317.1 1341282 A T A
NC_003317.1 1343866 C G C
NC_003317.1 1344662 A G A
NC_003317.1 1346007 T G T
NC_003317.1 1351470 T G T
NC_003317.1 1352204 T C T
NC_003317.1 1356345 C T C
NC_003317.1 1359880 T A T
NC_003317.1 1360329 T C T
NC_003317.1 1364710 T G T
NC_003317.1 1365960 C T C
NC_003317.1 1369780 A G A
NC_003317.1 1372791 T C T
NC_003317.1 1373904 G C G
NC_003317.1 1380079 T C T
NC_003317.1 1384507 T C T
NC_003317.1 1386110 A G A
NC_003317.1 1387105 A G A
NC_003317.1 1390280 T C T
NC_003317.1 1390583 T G T
NC_003317.1 1394047 G A G
NC_003317.1 1405215 G A G
NC_003317.1 1413900 T C T
NC_003317.1 1421867 A T A
NC_003317.1 1423426 A G A
NC_003317.1 1425205 T G T
NC_003317.1 1428303 A C A
NC_003317.1 1429668 G A G
NC_003317.1 1436504 A G A
NC_003317.1 1436968 G A G
NC_003317.1 1437158 G A G
NC_003317.1 1438410 T C T
NC_003317.1 1438486 G A G
NC_003317.1 1439104 C T C
NC_003317.1 1439451 C T C
NC_003317.1 1472924 G A G
NC_003317.1 1476035 G A G
NC_003317.1 1477431 C A C
NC_003317.1 1480377 A C A
NC_003317.1 1480630 T C T
NC_003317.1 1489350 C A C
NC_003317.1 1500419 A G A
NC_003317.1 1501592 A G A
NC_003317.1 1510900 G A G
NC_003317.1 1515224 T A T
NC_003317.1 1515950 G A G
NC_003317.1 1517284 T C T
NC_003317.1 1519206 T C T
NC_003317.1 1519227 T G T
NC_003317.1 1529490 T C T
NC_003317.1 1530246 T C T
NC_003317.1 1538363 A G A
NC_003317.1 1539950 G C G
NC_003317.1 1545538 A T A
NC_003317.1 1547540 A C A
NC_003317.1 1548489 G A G
NC_003317.1 1549478 A G A
NC_003317.1 1552797 A G A
NC_003317.1 1553017 A T A
NC_003317.1 1554888 A T A
NC_003317.1 1556790 T G T
NC_003317.1 1559744 A G A
NC_003317.1 1571485 T C T
NC_003317.1 1577616 A G A
NC_003317.1 1580882 A G A
NC_003317.1 1582289 T G T
NC_003317.1 1583933 G A G
NC_003317.1 1584921 A G A
NC_003317.1 1588125 A G A
NC_003317.1 1588451 T C T
NC_003317.1 1589619 A G A
NC_003317.1 1592967 A G A
NC_003317.1 1595610 G A G
NC_003317.1 1604929 C T C
NC_003317.1 1606009 A G A
NC_003317.1 1607302 T C T
NC_003317.1 1612640 A C A
NC_003317.1 1612641 A G A
NC_003317.1 1619048 A G A
NC_003317.1 1619912 C T C
NC_003317.1 1622099 T C T
NC_003317.1 1624005 T C T
NC_003317.1 1630208 A G A
NC_003317.1 1630917 A G A
NC_003317.1 1638680 G C G
NC_003317.1 1647596 A G A
NC_003317.1 1647676 C G C
NC_003317.1 1651242 A G A
NC_003317.1 1654041 G A G
NC_003317.1 1657541 A G A
NC_003317.1 1661641 G A G
NC_003317.1 1665204 A G A
NC_003317.1 1666669 A G A
NC_003317.1 1666849 G A G
NC_003317.1 1667746 T C T
NC_003317.1 1677040 T C T
NC_003317.1 1679391 C T C
NC_003317.1 1681733 A G A
NC_003317.1 1682551 T C T
NC_003317.1 1683339 A G A
NC_003317.1 1687180 T C T
NC_003317.1 1689968 T C T
NC_003317.1 1691505 T G T
NC_003317.1 1692364 T C T
NC_003317.1 1692764 A G A
NC_003317.1 1693990 T C T
NC_003317.1 1694941 A G A
NC_003317.1 1695227 A G A
NC_003317.1 1698462 G A G
NC_003317.1 1699678 T C T
NC_003317.1 1700716 A G A
NC_003317.1 1704081 T C T
NC_003317.1 1707728 T G T
NC_003317.1 1719641 T C T
NC_003317.1 1719918 A G A
NC_003317.1 1721328 T C T
NC_003317.1 1723167 A G A
NC_003317.1 1747658 C T C
NC_003317.1 1752073 T A T
NC_003317.1 1756758 G A G
NC_003317.1 1758604 A G A
NC_003317.1 1768429 C G C
NC_003317.1 1777593 T C T
NC_003317.1 1783631 A G A
NC_003317.1 1785433 G T G
NC_003317.1 1791638 T C T
NC_003317.1 1796678 G A G
NC_003317.1 1797871 A G A
NC_003317.1 1803040 T C T
NC_003317.1 1805966 T C T
NC_003317.1 1809387 C G C
NC_003317.1 1809879 G T G
NC_003317.1 1812035 T G T
NC_003317.1 1817773 A G A
NC_003317.1 1826680 T G T
NC_003317.1 1826873 G A G
NC_003317.1 1828101 A C A
NC_003317.1 1829755 C G C
NC_003317.1 1831727 G A G
NC_003317.1 1832692 T A T
NC_003317.1 1836817 T A T
NC_003317.1 1838543 T G T
NC_003317.1 1845677 G C G
NC_003317.1 1847064 A G A
NC_003317.1 1847429 T C T
NC_003317.1 1850682 T C T
NC_003317.1 1861346 C T C
NC_003317.1 1868599 C T C
NC_003317.1 1868911 C A C
NC_003317.1 1873717 A G A
NC_003317.1 1879168 A G A
NC_003317.1 1881432 T C T
NC_003317.1 1882009 A G A
NC_003317.1 1884369 G C G
NC_003317.1 1887732 G C G
NC_003317.1 1893570 T C T
NC_003317.1 1894203 A G A
NC_003317.1 1894807 C T C
NC_003317.1 1894857 T C T
NC_003317.1 1902342 C G C
NC_003317.1 1907938 A T A
NC_003317.1 1914189 A G A
NC_003317.1 1940857 A C A
NC_003317.1 1941269 G A G
NC_003317.1 1944410 T C T
NC_003317.1 1945268 G C G
NC_003317.1 1945418 A G A
NC_003317.1 1947296 C A C
NC_003317.1 1947880 C T C
NC_003317.1 1953195 C A C
NC_003317.1 1957122 T C T
NC_003317.1 1957426 G A G
NC_003317.1 1958897 G C G
NC_003317.1 1960493 A G A
NC_003317.1 1966379 T C T
NC_003317.1 1974039 T C T
NC_003317.1 1974832 A C A
NC_003317.1 1980533 A G A
NC_003317.1 1981484 A G A
NC_003317.1 1981523 A G A
NC_003317.1 1990470 T C T
NC_003317.1 2004527 G A G
NC_003317.1 2014603 A G A
NC_003317.1 2021059 G A G
NC_003317.1 2021353 A G A
NC_003317.1 2028880 T C T
NC_003317.1 2036462 T C T
NC_003317.1 2037460 G T G
NC_003317.1 2038442 T C T
NC_003317.1 2052370 A G A
NC_003317.1 2062926 A G A
NC_003317.1 2087446 A G A
NC_003317.1 2093587 C T C
NC_003317.1 2095249 G A G
NC_003317.1 2099677 C G C
NC_003317.1 2111697 C T C
NC_003317.1 2111909 A C A
NC_003317.1 2113562 T C T
NC_003317.1 2113697 T C T
NC_003317.1 2115584 T C T
NC_003318.1 968 A G A
NC_003318.1 3205 C T C
NC_003318.1 4241 T G T
NC_003318.1 10313 T C T
NC_003318.1 10882 T C T
NC_003318.1 13129 G A G
NC_003318.1 14338 G A G
NC_003318.1 15951 T C T
NC_003318.1 16304 T C T
NC_003318.1 27425 G A G
NC_003318.1 30975 A C A
NC_003318.1 35264 G A G
NC_003318.1 35740 G A G
NC_003318.1 41195 A G A
NC_003318.1 43507 C T C
NC_003318.1 45857 A G A
NC_003318.1 50770 T C T
NC_003318.1 52781 A G A
NC_003318.1 55688 A G A
NC_003318.1 57302 A G A
NC_003318.1 69903 G T G
NC_003318.1 72944 T C T
NC_003318.1 77068 G A G
NC_003318.1 81610 C G C
NC_003318.1 92400 A G A
NC_003318.1 94271 T C T
NC_003318.1 97088 G A G
NC_003318.1 98168 T G T
NC_003318.1 100129 G T G
NC_003318.1 105174 T C T
NC_003318.1 112828 A G A
NC_003318.1 114822 G C G
NC_003318.1 116667 T C T
NC_003318.1 162920 G A G
NC_003318.1 164554 T A T
NC_003318.1 336587 T G T
NC_003318.1 337428 A C A
NC_003318.1 341333 C A C
NC_003318.1 344053 T C T
NC_003318.1 347030 C T C
NC_003318.1 347875 C T C
NC_003318.1 349764 A G A
NC_003318.1 359147 C G C
NC_003318.1 363815 G T G
NC_003318.1 364184 T C T
NC_003318.1 375601 C A C
NC_003318.1 375730 T G T
NC_003318.1 377647 A G A
NC_003318.1 378620 T G T
NC_003318.1 384376 A G A
NC_003318.1 387145 T C T
NC_003318.1 392767 G C G
NC_003318.1 398161 T C T
NC_003318.1 398929 T C T
NC_003318.1 403438 G A G
NC_003318.1 403882 C T C
NC_003318.1 406207 T C T
NC_003318.1 413631 A G A
NC_003318.1 420977 C T C
NC_003318.1 421013 G A G
NC_003318.1 422295 T C T
NC_003318.1 426567 A G A
NC_003318.1 437155 T C T
NC_003318.1 438690 T C T
NC_003318.1 443620 T C T
NC_003318.1 444441 C T C
NC_003318.1 445278 A C A
NC_003318.1 447020 C T C
NC_003318.1 447529 T C T
NC_003318.1 449228 T C T
NC_003318.1 449789 T C T
NC_003318.1 449875 C T C
NC_003318.1 451929 T C T
NC_003318.1 452261 G A G
NC_003318.1 454433 T C T
NC_003318.1 482547 G C G
NC_003318.1 484940 A G A
NC_003318.1 486074 A G A
NC_003318.1 491839 T A T
NC_003318.1 492186 A T A
NC_003318.1 492976 A C A
NC_003318.1 493232 A G A
NC_003318.1 494264 G A G
NC_003318.1 497106 C T C
NC_003318.1 516339 A G A
NC_003318.1 524075 T C T
NC_003318.1 528912 T G T
NC_003318.1 531164 T C T
NC_003318.1 533038 A G A
NC_003318.1 537069 A G A
NC_003318.1 539652 T C T
NC_003318.1 542725 A T A
NC_003318.1 543289 T C T
NC_003318.1 551786 A G A
NC_003318.1 554016 C G C
NC_003318.1 555760 T C T
NC_003318.1 556919 T C T
NC_003318.1 577204 T C T
NC_003318.1 583449 T C T
NC_003318.1 583781 A G A
NC_003318.1 585162 A G A
NC_003318.1 589958 T C T
NC_003318.1 590604 T C T
NC_003318.1 590823 A G A
NC_003318.1 597407 A G A
NC_003318.1 598008 T C T
NC_003318.1 603383 T C T
NC_003318.1 606460 C G C
NC_003318.1 607955 A G A
NC_003318.1 612190 A G A
NC_003318.1 616276 A G A
NC_003318.1 616461 C G C
NC_003318.1 623575 G C G
NC_003318.1 629944 T C T
NC_003318.1 633709 T C T
NC_003318.1 679640 T A T
NC_003318.1 682162 T C T
NC_003318.1 682331 G A G
NC_003318.1 687092 C T C
NC_003318.1 687842 G C G
NC_003318.1 700719 T C T
NC_003318.1 702481 C T C
NC_003318.1 703696 C A C
NC_003318.1 704412 T C T
NC_003318.1 704439 G A G
NC_003318.1 710482 C T C
NC_003318.1 711869 A G A
NC_003318.1 712601 G A G
NC_003318.1 713812 C T C
NC_003318.1 716543 T A T
NC_003318.1 718316 A G A
NC_003318.1 719590 A G A
NC_003318.1 719710 A G A
NC_003318.1 720900 T C T
NC_003318.1 721450 A G A
NC_003318.1 725512 T C T
NC_003318.1 729527 A C A
NC_003318.1 730507 A G A
NC_003318.1 735002 T C T
NC_003318.1 739271 C T C
NC_003318.1 747163 T C T
NC_003318.1 747939 T C T
NC_003318.1 749582 G C G
NC_003318.1 823111 A G A
NC_003318.1 834089 A G A
NC_003318.1 837373 A G A
NC_003318.1 840012 A G A
NC_003318.1 850615 C G C
NC_003318.1 852497 A G A
NC_003318.1 852671 T C T
NC_003318.1 856436 C T C
NC_003318.1 858397 T C T
NC_003318.1 893967 T C T
NC_003318.1 896917 A C A
NC_003318.1 903060 A G A
NC_003318.1 903841 G C G
NC_003318.1 904818 A G A
NC_003318.1 927817 A G A
NC_003318.1 931155 C G C
NC_003318.1 934547 C G C
NC_003318.1 935443 A G A
NC_003318.1 936200 A G A
NC_003318.1 961431 T C T
NC_003318.1 962775 G C G
NC_003318.1 963540 G A G
NC_003318.1 965279 A G A
NC_003318.1 972493 G A G
NC_003318.1 972517 A C A
NC_003318.1 973137 G A G
NC_003318.1 975162 A G A
NC_003318.1 979527 C A C
NC_003318.1 981438 C T C
NC_003318.1 981845 T C T
NC_003318.1 982715 T C T
NC_003318.1 984286 G A G
NC_003318.1 990456 A G A
NC_003318.1 1006554 T C T
NC_003318.1 1006692 A G A
NC_003318.1 1011669 A G A
NC_003318.1 1012708 G T G
NC_003318.1 1017780 G C G
NC_003318.1 1032841 A G A
NC_003318.1 1035875 C T C
NC_003318.1 1036809 T G T
NC_003318.1 1040394 T A T
NC_003318.1 1041245 T G T
NC_003318.1 1043377 A G A
NC_003318.1 1043551 A C A
NC_003318.1 1043765 A G A
NC_003318.1 1043848 T G T
NC_003318.1 1044525 A G A
NC_003318.1 1045484 T C T
NC_003318.1 1053728 A G A
NC_003318.1 1054514 T C T
NC_003318.1 1060296 A C A
NC_003318.1 1061020 T G T
NC_003318.1 1062741 A G A
NC_003318.1 1062984 A G A
NC_003318.1 1068987 T G T
NC_003318.1 1072633 A G A
NC_003318.1 1075449 T C T
NC_003318.1 1077093 T C T
NC_003318.1 1079635 G A G
NC_003318.1 1080484 C T C
NC_003318.1 1085017 T C T
NC_003318.1 1086926 G A A
NC_003318.1 1087839 C G C
NC_003318.1 1090379 G C G
NC_003318.1 1094788 T C T
NC_003318.1 1095345 T C T
NC_003318.1 1097998 T C T
NC_003318.1 1098038 T C T
NC_003318.1 1098356 T C T
NC_003318.1 1100609 A C A
NC_003318.1 1101080 A C A
NC_003318.1 1105111 A G A
NC_003318.1 1156908 C T C
NC_003318.1 1157731 C T C
NC_003318.1 1163156 A G A
NC_003318.1 1166589 A T A
NC_003318.1 1167033 A G A
NC_003318.1 1167171 T C T
NC_003318.1 1168060 T G T
NC_003318.1 1172006 T C T
NC_003318.1 1174124 T C T
NC_003318.1 1175879 C T C
